<?xml version="1.0" encoding="UTF-8"?>
<!-- Generated by org.testng.reporters.JUnitReportReporter -->
<testsuite hostname="Thamizh" failures="0" tests="1" name="wtest.wtestrun" time="20.361" errors="0" timestamp="2023-04-14T21:06:34 IST" skipped="0">
  <testcase classname="wtest.wtestrun" name="Browser1" time="20.361"/>
  <system-out/>
</testsuite> <!-- wtest.wtestrun -->
